<?xml version="1.0" encoding="UTF-8"?>
<!-- Generated by org.testng.reporters.JUnitXMLReporter -->
<testsuite hostname="AMAC02Q40E9G8WP" ignored="0" name="Test" tests="4" failures="0" timestamp="14 Jun 2018 11:50:40 GMT" time="109.118" errors="0">
  <testcase name="@AfterMethod close" time="0.005" classname="com.automation.TWIA.Test.test">
    <failure type="org.openqa.selenium.NoSuchWindowException" message="Browsing context has been discarded
Build info: version: &amp;apos;3.11.0&amp;apos;, revision: &amp;apos;e59cfb3&amp;apos;, time: &amp;apos;2018-03-11T20:26:55.152Z&amp;apos;
System info: host: &amp;apos;AMAC02Q40E9G8WP&amp;apos;, ip: &amp;apos;fe80:0:0:0:1010:4bd7:e473:8af1%en0&amp;apos;, os.name: &amp;apos;Mac OS X&amp;apos;, os.arch: &amp;apos;x86_64&amp;apos;, os.version: &amp;apos;10.13.5&amp;apos;, java.version: &amp;apos;1.8.0_171&amp;apos;
Driver info: org.openqa.selenium.firefox.FirefoxDriver
Capabilities {acceptInsecureCerts: true, browserName: firefox, browserVersion: 59.0.2, javascriptEnabled: true, moz:accessibilityChecks: false, moz:headless: false, moz:processID: 47096, moz:profile: /var/folders/4d/pptsmqqx31d..., moz:useNonSpecCompliantPointerOrigin: false, moz:webdriverClick: true, pageLoadStrategy: normal, platform: MAC, platformName: MAC, platformVersion: 17.6.0, rotatable: false, timeouts: {implicit: 0, pageLoad: 300000, script: 30000}}
Session ID: 7fd777e5-f2dc-0244-b5a3-3ea38948af45">
      <![CDATA[org.openqa.selenium.NoSuchWindowException: Browsing context has been discarded
Build info: version: '3.11.0', revision: 'e59cfb3', time: '2018-03-11T20:26:55.152Z'
System info: host: 'AMAC02Q40E9G8WP', ip: 'fe80:0:0:0:1010:4bd7:e473:8af1%en0', os.name: 'Mac OS X', os.arch: 'x86_64', os.version: '10.13.5', java.version: '1.8.0_171'
Driver info: org.openqa.selenium.firefox.FirefoxDriver
Capabilities {acceptInsecureCerts: true, browserName: firefox, browserVersion: 59.0.2, javascriptEnabled: true, moz:accessibilityChecks: false, moz:headless: false, moz:processID: 47096, moz:profile: /var/folders/4d/pptsmqqx31d..., moz:useNonSpecCompliantPointerOrigin: false, moz:webdriverClick: true, pageLoadStrategy: normal, platform: MAC, platformName: MAC, platformVersion: 17.6.0, rotatable: false, timeouts: {implicit: 0, pageLoad: 300000, script: 30000}}
Session ID: 7fd777e5-f2dc-0244-b5a3-3ea38948af45
at org.openqa.selenium.remote.http.W3CHttpResponseCodec.createException(W3CHttpResponseCodec.java:187)
at org.openqa.selenium.remote.http.W3CHttpResponseCodec.decode(W3CHttpResponseCodec.java:122)
at org.openqa.selenium.remote.http.W3CHttpResponseCodec.decode(W3CHttpResponseCodec.java:49)
at org.openqa.selenium.remote.HttpCommandExecutor.execute(HttpCommandExecutor.java:158)
at org.openqa.selenium.remote.service.DriverCommandExecutor.execute(DriverCommandExecutor.java:83)
at org.openqa.selenium.remote.RemoteWebDriver.execute(RemoteWebDriver.java:545)
at org.openqa.selenium.remote.RemoteWebDriver.execute(RemoteWebDriver.java:602)
at org.openqa.selenium.remote.RemoteWebDriver.getScreenshotAs(RemoteWebDriver.java:291)
at com.automation.TWIA.screenShots.Screenshots.captureScreenShot(Screenshots.java:23)
at com.automation.TWIA.Test.test.close(test.java:161)
... Removed 32 stack frames]]>
    </failure>
  </testcase> <!-- @AfterMethod close -->
  <testcase name="TC1" time="8.104" classname="com.automation.TWIA.Test.test"/>
  <testcase name="TC2" time="5.122" classname="com.automation.TWIA.Test.test"/>
  <testcase name="TC3" time="0.018" classname="com.automation.TWIA.Test.test">
    <skipped/>
  </testcase> <!-- TC3 -->
  <testcase name="TC4" time="51.082" classname="com.automation.TWIA.Test.test"/>
</testsuite> <!-- Test -->
