<?xml version="1.0" encoding="UTF-8"?>
<testng-results skipped="1" failed="0" ignored="0" total="4" passed="3">
  <reporter-output>
  </reporter-output>
  <suite name="Suite" duration-ms="109118" started-at="2018-06-14T11:48:51Z" finished-at="2018-06-14T11:50:40Z">
    <groups>
    </groups>
    <test name="Test" duration-ms="109118" started-at="2018-06-14T11:48:51Z" finished-at="2018-06-14T11:50:40Z">
      <class name="com.automation.TWIA.Test.test">
        <test-method status="PASS" signature="startUp(java.lang.String)[pri:0, instance:com.automation.TWIA.Test.test@10bdf5e5]" name="startUp" is-config="true" duration-ms="22814" started-at="2018-06-14T11:48:51Z" finished-at="2018-06-14T11:49:13Z">
          <params>
            <param index="0">
              <value>
                <![CDATA[https://amazon.in]]>
              </value>
            </param>
          </params>
          <reporter-output>
          </reporter-output>
        </test-method> <!-- startUp -->
        <test-method status="PASS" signature="TC1()[pri:0, instance:com.automation.TWIA.Test.test@10bdf5e5]" name="TC1" duration-ms="8104" started-at="2018-06-14T11:49:13Z" finished-at="2018-06-14T11:49:22Z">
          <reporter-output>
          </reporter-output>
        </test-method> <!-- TC1 -->
        <test-method status="PASS" signature="close(org.testng.ITestResult)[pri:0, instance:com.automation.TWIA.Test.test@10bdf5e5]" name="close" is-config="true" duration-ms="798" started-at="2018-06-14T11:49:22Z" finished-at="2018-06-14T11:49:22Z">
          <params>
            <param index="0">
              <value>
                <![CDATA[[TestResult name=TC1 status=SUCCESS method=test.TC1()[pri:0, instance:com.automation.TWIA.Test.test@10bdf5e5] output={null}]]]>
              </value>
            </param>
          </params>
          <reporter-output>
          </reporter-output>
        </test-method> <!-- close -->
        <test-method status="PASS" signature="startUp(java.lang.String)[pri:0, instance:com.automation.TWIA.Test.test@10bdf5e5]" name="startUp" is-config="true" duration-ms="6229" started-at="2018-06-14T11:49:22Z" finished-at="2018-06-14T11:49:29Z">
          <params>
            <param index="0">
              <value>
                <![CDATA[https://amazon.in]]>
              </value>
            </param>
          </params>
          <reporter-output>
          </reporter-output>
        </test-method> <!-- startUp -->
        <test-method status="PASS" signature="TC2()[pri:0, instance:com.automation.TWIA.Test.test@10bdf5e5]" name="TC2" duration-ms="5122" started-at="2018-06-14T11:49:29Z" finished-at="2018-06-14T11:49:34Z">
          <reporter-output>
          </reporter-output>
        </test-method> <!-- TC2 -->
        <test-method status="PASS" signature="close(org.testng.ITestResult)[pri:0, instance:com.automation.TWIA.Test.test@10bdf5e5]" name="close" is-config="true" duration-ms="747" started-at="2018-06-14T11:49:34Z" finished-at="2018-06-14T11:49:34Z">
          <params>
            <param index="0">
              <value>
                <![CDATA[[TestResult name=TC2 status=SUCCESS method=test.TC2()[pri:0, instance:com.automation.TWIA.Test.test@10bdf5e5] output={null}]]]>
              </value>
            </param>
          </params>
          <reporter-output>
          </reporter-output>
        </test-method> <!-- close -->
        <test-method status="PASS" signature="startUp(java.lang.String)[pri:0, instance:com.automation.TWIA.Test.test@10bdf5e5]" name="startUp" is-config="true" duration-ms="7321" started-at="2018-06-14T11:49:34Z" finished-at="2018-06-14T11:49:42Z">
          <params>
            <param index="0">
              <value>
                <![CDATA[https://amazon.in]]>
              </value>
            </param>
          </params>
          <reporter-output>
          </reporter-output>
        </test-method> <!-- startUp -->
        <test-method status="SKIP" signature="TC3()[pri:0, instance:com.automation.TWIA.Test.test@10bdf5e5]" name="TC3" duration-ms="18" started-at="2018-06-14T11:49:42Z" finished-at="2018-06-14T11:49:42Z">
          <exception class="org.testng.SkipException">
            <message>
              <![CDATA[Run Mode is set to No]]>
            </message>
            <full-stacktrace>
              <![CDATA[org.testng.SkipException: Run Mode is set to No
at com.automation.TWIA.Test.test.TC3(test.java:105)
at sun.reflect.NativeMethodAccessorImpl.invoke0(Native Method)
at sun.reflect.NativeMethodAccessorImpl.invoke(NativeMethodAccessorImpl.java:62)
at sun.reflect.DelegatingMethodAccessorImpl.invoke(DelegatingMethodAccessorImpl.java:43)
at java.lang.reflect.Method.invoke(Method.java:498)
at org.testng.internal.MethodInvocationHelper.invokeMethod(MethodInvocationHelper.java:124)
at org.testng.internal.Invoker.invokeMethod(Invoker.java:580)
at org.testng.internal.Invoker.invokeTestMethod(Invoker.java:716)
at org.testng.internal.Invoker.invokeTestMethods(Invoker.java:988)
at org.testng.internal.TestMethodWorker.invokeTestMethods(TestMethodWorker.java:125)
at org.testng.internal.TestMethodWorker.run(TestMethodWorker.java:109)
at org.testng.TestRunner.privateRun(TestRunner.java:648)
at org.testng.TestRunner.run(TestRunner.java:505)
at org.testng.SuiteRunner.runTest(SuiteRunner.java:455)
at org.testng.SuiteRunner.runSequentially(SuiteRunner.java:450)
at org.testng.SuiteRunner.privateRun(SuiteRunner.java:415)
at org.testng.SuiteRunner.run(SuiteRunner.java:364)
at org.testng.SuiteRunnerWorker.runSuite(SuiteRunnerWorker.java:52)
at org.testng.SuiteRunnerWorker.run(SuiteRunnerWorker.java:84)
at org.testng.TestNG.runSuitesSequentially(TestNG.java:1208)
at org.testng.TestNG.runSuitesLocally(TestNG.java:1137)
at org.testng.TestNG.runSuites(TestNG.java:1049)
at org.testng.TestNG.run(TestNG.java:1017)
at org.testng.remote.AbstractRemoteTestNG.run(AbstractRemoteTestNG.java:114)
at org.testng.remote.RemoteTestNG.initAndRun(RemoteTestNG.java:251)
at org.testng.remote.RemoteTestNG.main(RemoteTestNG.java:77)
]]>
            </full-stacktrace>
          </exception> <!-- org.testng.SkipException -->
          <reporter-output>
          </reporter-output>
        </test-method> <!-- TC3 -->
        <test-method status="PASS" signature="close(org.testng.ITestResult)[pri:0, instance:com.automation.TWIA.Test.test@10bdf5e5]" name="close" is-config="true" duration-ms="518" started-at="2018-06-14T11:49:42Z" finished-at="2018-06-14T11:49:42Z">
          <params>
            <param index="0">
              <value>
                <![CDATA[[TestResult name=TC3 status=SKIP method=test.TC3()[pri:0, instance:com.automation.TWIA.Test.test@10bdf5e5] output={null}]]]>
              </value>
            </param>
          </params>
          <reporter-output>
          </reporter-output>
        </test-method> <!-- close -->
        <test-method status="PASS" signature="startUp(java.lang.String)[pri:0, instance:com.automation.TWIA.Test.test@10bdf5e5]" name="startUp" is-config="true" duration-ms="6329" started-at="2018-06-14T11:49:42Z" finished-at="2018-06-14T11:49:49Z">
          <params>
            <param index="0">
              <value>
                <![CDATA[https://amazon.in]]>
              </value>
            </param>
          </params>
          <reporter-output>
          </reporter-output>
        </test-method> <!-- startUp -->
        <test-method status="PASS" signature="TC4()[pri:0, instance:com.automation.TWIA.Test.test@10bdf5e5]" name="TC4" duration-ms="51082" started-at="2018-06-14T11:49:49Z" finished-at="2018-06-14T11:50:40Z">
          <reporter-output>
          </reporter-output>
        </test-method> <!-- TC4 -->
        <test-method status="FAIL" signature="close(org.testng.ITestResult)[pri:0, instance:com.automation.TWIA.Test.test@10bdf5e5]" name="close" is-config="true" duration-ms="5" started-at="2018-06-14T11:50:40Z" finished-at="2018-06-14T11:50:40Z">
          <params>
            <param index="0">
              <value>
                <![CDATA[[TestResult name=TC4 status=SUCCESS method=test.TC4()[pri:0, instance:com.automation.TWIA.Test.test@10bdf5e5] output={null}]]]>
              </value>
            </param>
          </params>
          <exception class="org.openqa.selenium.NoSuchWindowException">
            <message>
              <![CDATA[Browsing context has been discarded
Build info: version: '3.11.0', revision: 'e59cfb3', time: '2018-03-11T20:26:55.152Z'
System info: host: 'AMAC02Q40E9G8WP', ip: 'fe80:0:0:0:1010:4bd7:e473:8af1%en0', os.name: 'Mac OS X', os.arch: 'x86_64', os.version: '10.13.5', java.version: '1.8.0_171'
Driver info: org.openqa.selenium.firefox.FirefoxDriver
Capabilities {acceptInsecureCerts: true, browserName: firefox, browserVersion: 59.0.2, javascriptEnabled: true, moz:accessibilityChecks: false, moz:headless: false, moz:processID: 47096, moz:profile: /var/folders/4d/pptsmqqx31d..., moz:useNonSpecCompliantPointerOrigin: false, moz:webdriverClick: true, pageLoadStrategy: normal, platform: MAC, platformName: MAC, platformVersion: 17.6.0, rotatable: false, timeouts: {implicit: 0, pageLoad: 300000, script: 30000}}
Session ID: 7fd777e5-f2dc-0244-b5a3-3ea38948af45]]>
            </message>
            <full-stacktrace>
              <![CDATA[org.openqa.selenium.NoSuchWindowException: Browsing context has been discarded
Build info: version: '3.11.0', revision: 'e59cfb3', time: '2018-03-11T20:26:55.152Z'
System info: host: 'AMAC02Q40E9G8WP', ip: 'fe80:0:0:0:1010:4bd7:e473:8af1%en0', os.name: 'Mac OS X', os.arch: 'x86_64', os.version: '10.13.5', java.version: '1.8.0_171'
Driver info: org.openqa.selenium.firefox.FirefoxDriver
Capabilities {acceptInsecureCerts: true, browserName: firefox, browserVersion: 59.0.2, javascriptEnabled: true, moz:accessibilityChecks: false, moz:headless: false, moz:processID: 47096, moz:profile: /var/folders/4d/pptsmqqx31d..., moz:useNonSpecCompliantPointerOrigin: false, moz:webdriverClick: true, pageLoadStrategy: normal, platform: MAC, platformName: MAC, platformVersion: 17.6.0, rotatable: false, timeouts: {implicit: 0, pageLoad: 300000, script: 30000}}
Session ID: 7fd777e5-f2dc-0244-b5a3-3ea38948af45
at sun.reflect.NativeConstructorAccessorImpl.newInstance0(Native Method)
at sun.reflect.NativeConstructorAccessorImpl.newInstance(NativeConstructorAccessorImpl.java:62)
at sun.reflect.DelegatingConstructorAccessorImpl.newInstance(DelegatingConstructorAccessorImpl.java:45)
at java.lang.reflect.Constructor.newInstance(Constructor.java:423)
at org.openqa.selenium.remote.http.W3CHttpResponseCodec.createException(W3CHttpResponseCodec.java:187)
at org.openqa.selenium.remote.http.W3CHttpResponseCodec.decode(W3CHttpResponseCodec.java:122)
at org.openqa.selenium.remote.http.W3CHttpResponseCodec.decode(W3CHttpResponseCodec.java:49)
at org.openqa.selenium.remote.HttpCommandExecutor.execute(HttpCommandExecutor.java:158)
at org.openqa.selenium.remote.service.DriverCommandExecutor.execute(DriverCommandExecutor.java:83)
at org.openqa.selenium.remote.RemoteWebDriver.execute(RemoteWebDriver.java:545)
at org.openqa.selenium.remote.RemoteWebDriver.execute(RemoteWebDriver.java:602)
at org.openqa.selenium.remote.RemoteWebDriver.getScreenshotAs(RemoteWebDriver.java:291)
at com.automation.TWIA.screenShots.Screenshots.captureScreenShot(Screenshots.java:23)
at com.automation.TWIA.Test.test.close(test.java:161)
at sun.reflect.NativeMethodAccessorImpl.invoke0(Native Method)
at sun.reflect.NativeMethodAccessorImpl.invoke(NativeMethodAccessorImpl.java:62)
at sun.reflect.DelegatingMethodAccessorImpl.invoke(DelegatingMethodAccessorImpl.java:43)
at java.lang.reflect.Method.invoke(Method.java:498)
at org.testng.internal.MethodInvocationHelper.invokeMethod(MethodInvocationHelper.java:124)
at org.testng.internal.MethodInvocationHelper.invokeMethodConsideringTimeout(MethodInvocationHelper.java:59)
at org.testng.internal.Invoker.invokeConfigurationMethod(Invoker.java:455)
at org.testng.internal.Invoker.invokeConfigurations(Invoker.java:222)
at org.testng.internal.Invoker.invokeMethod(Invoker.java:643)
at org.testng.internal.Invoker.invokeTestMethod(Invoker.java:716)
at org.testng.internal.Invoker.invokeTestMethods(Invoker.java:988)
at org.testng.internal.TestMethodWorker.invokeTestMethods(TestMethodWorker.java:125)
at org.testng.internal.TestMethodWorker.run(TestMethodWorker.java:109)
at org.testng.TestRunner.privateRun(TestRunner.java:648)
at org.testng.TestRunner.run(TestRunner.java:505)
at org.testng.SuiteRunner.runTest(SuiteRunner.java:455)
at org.testng.SuiteRunner.runSequentially(SuiteRunner.java:450)
at org.testng.SuiteRunner.privateRun(SuiteRunner.java:415)
at org.testng.SuiteRunner.run(SuiteRunner.java:364)
at org.testng.SuiteRunnerWorker.runSuite(SuiteRunnerWorker.java:52)
at org.testng.SuiteRunnerWorker.run(SuiteRunnerWorker.java:84)
at org.testng.TestNG.runSuitesSequentially(TestNG.java:1208)
at org.testng.TestNG.runSuitesLocally(TestNG.java:1137)
at org.testng.TestNG.runSuites(TestNG.java:1049)
at org.testng.TestNG.run(TestNG.java:1017)
at org.testng.remote.AbstractRemoteTestNG.run(AbstractRemoteTestNG.java:114)
at org.testng.remote.RemoteTestNG.initAndRun(RemoteTestNG.java:251)
at org.testng.remote.RemoteTestNG.main(RemoteTestNG.java:77)
]]>
            </full-stacktrace>
          </exception> <!-- org.openqa.selenium.NoSuchWindowException -->
          <reporter-output>
          </reporter-output>
        </test-method> <!-- close -->
      </class> <!-- com.automation.TWIA.Test.test -->
    </test> <!-- Test -->
  </suite> <!-- Suite -->
</testng-results>
